<?xml version="1.0" encoding="UTF-8"?>
<!-- Generated by org.testng.reporters.JUnitReportReporter -->
<testsuite hostname="DESKTOP-DA1V3E2" failures="0" tests="3" name="com.mindtree.runner.TestRunner" time="41.440" errors="0" timestamp="2021-12-31T16:03:00 IST" skipped="0">
  <testcase classname="com.mindtree.runner.TestRunner" name="runScenario" time="17.477"/>
  <testcase classname="com.mindtree.runner.TestRunner" name="runScenario" time="12.450"/>
  <testcase classname="com.mindtree.runner.TestRunner" name="runScenario" time="11.513"/>
</testsuite> <!-- com.mindtree.runner.TestRunner -->
