<?xml version="1.0" encoding="UTF-8"?>
<!-- Generated by org.testng.reporters.JUnitReportReporter -->
<testsuite hostname="DESKTOP-DA1V3E2" failures="0" tests="3" name="com.mindtree.runner.TestRunner" time="36.496" errors="0" timestamp="2021-12-31T16:39:14 IST" skipped="0">
  <testcase classname="com.mindtree.runner.TestRunner" name="runScenario" time="10.392"/>
  <testcase classname="com.mindtree.runner.TestRunner" name="runScenario" time="11.775"/>
  <testcase classname="com.mindtree.runner.TestRunner" name="runScenario" time="14.329"/>
</testsuite> <!-- com.mindtree.runner.TestRunner -->
